# JRE version: OpenJDK Runtime Environment Temurin-21.0.10+7 (21.0.10+7) (build 21.0.10+7-LTS)
# Java VM: OpenJDK 64-Bit Server VM Temurin-21.0.10+7 (21.0.10+7-LTS, mixed mode, sharing, tiered, compressed oops, compressed class ptrs, parallel gc, windows-amd64)
GC Precious Log:
 CardTable entry size: 512
 CPUs: 16 total, 16 available
 Memory: 7876M
 Large Page Support: Disabled
 NUMA Support: Disabled
 Compressed Oops: Enabled (32-bit)
 Alignments: Space 512K, Generation 512K, Heap 2M
 Heap Min Capacity: 100M
 Heap Initial Capacity: 100M
 Heap Max Capacity: 2G
 Pre-touch: Disabled
 Parallel Workers: 13
Heap:
 PSYoungGen      total 6656K, used 2324K [0x00000000d5580000, 0x00000000d6300000, 0x0000000100000000)
  eden space 5632K, 23% used [0x00000000d5580000,0x00000000d56c52e8,0x00000000d5b00000)
  from space 1024K, 100% used [0x00000000d5c00000,0x00000000d5d00000,0x00000000d5d00000)
  to   space 3072K, 0% used [0x00000000d6000000,0x00000000d6000000,0x00000000d6300000)
 ParOldGen       total 860160K, used 552101K [0x0000000080000000, 0x00000000b4800000, 0x00000000d5580000)
  object space 860160K, 64% used [0x0000000080000000,0x00000000a1b29658,0x00000000b4800000)
 Metaspace       used 82637K, committed 84352K, reserved 1179648K
  class space    used 8560K, committed 9344K, reserved 1048576K
GC Heap History (20 events):
Event: 601.938 GC heap before
{Heap before GC invocations=1202 (full 4):
 PSYoungGen      total 7680K, used 7358K [0x00000000d5580000, 0x00000000d6200000, 0x0000000100000000)
  eden space 3584K, 100% used [0x00000000d5580000,0x00000000d5900000,0x00000000d5900000)
  from space 4096K, 92% used [0x00000000d5900000,0x00000000d5caf920,0x00000000d5d00000)
  to   space 4096K, 0% used [0x00000000d5e00000,0x00000000d5e00000,0x00000000d6200000)
 ParOldGen       total 860160K, used 527259K [0x0000000080000000, 0x00000000b4800000, 0x00000000d5580000)
  object space 860160K, 61% used [0x0000000080000000,0x00000000a02e6e08,0x00000000b4800000)
 Metaspace       used 82412K, committed 84032K, reserved 1179648K
  class space    used 8541K, committed 9280K, reserved 1048576K
}
Event: 602.021 GC heap after
{Heap after GC invocations=1202 (full 4):
 PSYoungGen      total 6656K, used 1712K [0x00000000d5580000, 0x00000000d6000000, 0x0000000100000000)
  eden space 4608K, 0% used [0x00000000d5580000,0x00000000d5580000,0x00000000d5a00000)
  from space 2048K, 83% used [0x00000000d5e00000,0x00000000d5fac000,0x00000000d6000000)
  to   space 2560K, 0% used [0x00000000d5b00000,0x00000000d5b00000,0x00000000d5d80000)
 ParOldGen       total 860160K, used 530913K [0x0000000080000000, 0x00000000b4800000, 0x00000000d5580000)
  object space 860160K, 61% used [0x0000000080000000,0x00000000a0678728,0x00000000b4800000)
 Metaspace       used 82412K, committed 84032K, reserved 1179648K
  class space    used 8541K, committed 9280K, reserved 1048576K
}
Event: 622.119 GC heap before
{Heap before GC invocations=1203 (full 4):
 PSYoungGen      total 6656K, used 6320K [0x00000000d5580000, 0x00000000d6000000, 0x0000000100000000)
  eden space 4608K, 100% used [0x00000000d5580000,0x00000000d5a00000,0x00000000d5a00000)
  from space 2048K, 83% used [0x00000000d5e00000,0x00000000d5fac000,0x00000000d6000000)
  to   space 2560K, 0% used [0x00000000d5b00000,0x00000000d5b00000,0x00000000d5d80000)
 ParOldGen       total 860160K, used 530913K [0x0000000080000000, 0x00000000b4800000, 0x00000000d5580000)
  object space 860160K, 61% used [0x0000000080000000,0x00000000a0678728,0x00000000b4800000)
 Metaspace       used 82413K, committed 84032K, reserved 1179648K
  class space    used 8541K, committed 9280K, reserved 1048576K
}
Event: 626.059 GC heap after
{Heap after GC invocations=1203 (full 4):
 PSYoungGen      total 6656K, used 912K [0x00000000d5580000, 0x00000000d5e80000, 0x0000000100000000)
  eden space 5632K, 0% used [0x00000000d5580000,0x00000000d5580000,0x00000000d5b00000)
  from space 1024K, 89% used [0x00000000d5b00000,0x00000000d5be4010,0x00000000d5c00000)
  to   space 1536K, 0% used [0x00000000d5d00000,0x00000000d5d00000,0x00000000d5e80000)
 ParOldGen       total 860160K, used 532296K [0x0000000080000000, 0x00000000b4800000, 0x00000000d5580000)
  object space 860160K, 61% used [0x0000000080000000,0x00000000a07d2168,0x00000000b4800000)
 Metaspace       used 82413K, committed 84032K, reserved 1179648K
  class space    used 8541K, committed 9280K, reserved 1048576K
}
Event: 637.153 GC heap before
{Heap before GC invocations=1204 (full 4):
 PSYoungGen      total 6656K, used 6544K [0x00000000d5580000, 0x00000000d5e80000, 0x0000000100000000)
  eden space 5632K, 99% used [0x00000000d5580000,0x00000000d5affff0,0x00000000d5b00000)
  from space 1024K, 89% used [0x00000000d5b00000,0x00000000d5be4010,0x00000000d5c00000)
  to   space 1536K, 0% used [0x00000000d5d00000,0x00000000d5d00000,0x00000000d5e80000)
 ParOldGen       total 860160K, used 532296K [0x0000000080000000, 0x00000000b4800000, 0x00000000d5580000)
  object space 860160K, 61% used [0x0000000080000000,0x00000000a07d2168,0x00000000b4800000)
 Metaspace       used 82505K, committed 84096K, reserved 1179648K
  class space    used 8541K, committed 9280K, reserved 1048576K
}
Event: 637.161 GC heap after
{Heap after GC invocations=1204 (full 4):
 PSYoungGen      total 6144K, used 352K [0x00000000d5580000, 0x00000000d5d80000, 0x0000000100000000)
  eden space 5632K, 0% used [0x00000000d5580000,0x00000000d5580000,0x00000000d5b00000)
  from space 512K, 68% used [0x00000000d5d00000,0x00000000d5d58000,0x00000000d5d80000)
  to   space 1024K, 0% used [0x00000000d5b80000,0x00000000d5b80000,0x00000000d5c80000)
 ParOldGen       total 860160K, used 533125K [0x0000000080000000, 0x00000000b4800000, 0x00000000d5580000)
  object space 860160K, 61% used [0x0000000080000000,0x00000000a08a1608,0x00000000b4800000)
 Metaspace       used 82505K, committed 84096K, reserved 1179648K
  class space    used 8541K, committed 9280K, reserved 1048576K
}
Event: 637.987 GC heap before
{Heap before GC invocations=1205 (full 4):
 PSYoungGen      total 6144K, used 5984K [0x00000000d5580000, 0x00000000d5d80000, 0x0000000100000000)
  eden space 5632K, 100% used [0x00000000d5580000,0x00000000d5b00000,0x00000000d5b00000)
  from space 512K, 68% used [0x00000000d5d00000,0x00000000d5d58000,0x00000000d5d80000)
  to   space 1024K, 0% used [0x00000000d5b80000,0x00000000d5b80000,0x00000000d5c80000)
 ParOldGen       total 860160K, used 533125K [0x0000000080000000, 0x00000000b4800000, 0x00000000d5580000)
  object space 860160K, 61% used [0x0000000080000000,0x00000000a08a1608,0x00000000b4800000)
 Metaspace       used 82506K, committed 84096K, reserved 1179648K
  class space    used 8541K, committed 9280K, reserved 1048576K
}
Event: 637.994 GC heap after
{Heap after GC invocations=1205 (full 4):
 PSYoungGen      total 6656K, used 1001K [0x00000000d5580000, 0x00000000d6500000, 0x0000000100000000)
  eden space 5632K, 0% used [0x00000000d5580000,0x00000000d5580000,0x00000000d5b00000)
  from space 1024K, 97% used [0x00000000d5b80000,0x00000000d5c7a640,0x00000000d5c80000)
  to   space 5120K, 0% used [0x00000000d6000000,0x00000000d6000000,0x00000000d6500000)
 ParOldGen       total 860160K, used 536181K [0x0000000080000000, 0x00000000b4800000, 0x00000000d5580000)
  object space 860160K, 62% used [0x0000000080000000,0x00000000a0b9d608,0x00000000b4800000)
 Metaspace       used 82506K, committed 84096K, reserved 1179648K
  class space    used 8541K, committed 9280K, reserved 1048576K
}
Event: 638.010 GC heap before
{Heap before GC invocations=1206 (full 4):
 PSYoungGen      total 6656K, used 6564K [0x00000000d5580000, 0x00000000d6500000, 0x0000000100000000)
  eden space 5632K, 98% used [0x00000000d5580000,0x00000000d5aeeba8,0x00000000d5b00000)
  from space 1024K, 97% used [0x00000000d5b80000,0x00000000d5c7a640,0x00000000d5c80000)
  to   space 5120K, 0% used [0x00000000d6000000,0x00000000d6000000,0x00000000d6500000)
 ParOldGen       total 860160K, used 536181K [0x0000000080000000, 0x00000000b4800000, 0x00000000d5580000)
  object space 860160K, 62% used [0x0000000080000000,0x00000000a0b9d608,0x00000000b4800000)
 Metaspace       used 82506K, committed 84096K, reserved 1179648K
  class space    used 8541K, committed 9280K, reserved 1048576K
}
Event: 638.011 GC heap after
{Heap after GC invocations=1206 (full 4):
 PSYoungGen      total 6656K, used 688K [0x00000000d5580000, 0x00000000d6100000, 0x0000000100000000)
  eden space 5632K, 0% used [0x00000000d5580000,0x00000000d5580000,0x00000000d5b00000)
  from space 1024K, 67% used [0x00000000d6000000,0x00000000d60ac010,0x00000000d6100000)
  to   space 2048K, 0% used [0x00000000d5d00000,0x00000000d5d00000,0x00000000d5f00000)
 ParOldGen       total 860160K, used 536301K [0x0000000080000000, 0x00000000b4800000, 0x00000000d5580000)
  object space 860160K, 62% used [0x0000000080000000,0x00000000a0bbb618,0x00000000b4800000)
 Metaspace       used 82506K, committed 84096K, reserved 1179648K
  class space    used 8541K, committed 9280K, reserved 1048576K
}
Event: 638.090 GC heap before
{Heap before GC invocations=1207 (full 4):
 PSYoungGen      total 6656K, used 6320K [0x00000000d5580000, 0x00000000d6100000, 0x0000000100000000)
  eden space 5632K, 100% used [0x00000000d5580000,0x00000000d5b00000,0x00000000d5b00000)
  from space 1024K, 67% used [0x00000000d6000000,0x00000000d60ac010,0x00000000d6100000)
  to   space 2048K, 0% used [0x00000000d5d00000,0x00000000d5d00000,0x00000000d5f00000)
 ParOldGen       total 860160K, used 536301K [0x0000000080000000, 0x00000000b4800000, 0x00000000d5580000)
  object space 860160K, 62% used [0x0000000080000000,0x00000000a0bbb618,0x00000000b4800000)
 Metaspace       used 82506K, committed 84096K, reserved 1179648K
  class space    used 8541K, committed 9280K, reserved 1048576K
}
Event: 638.101 GC heap after
{Heap after GC invocations=1207 (full 4):
 PSYoungGen      total 7680K, used 2038K [0x00000000d5580000, 0x00000000d6500000, 0x0000000100000000)
  eden space 5632K, 0% used [0x00000000d5580000,0x00000000d5580000,0x00000000d5b00000)
  from space 2048K, 99% used [0x00000000d5d00000,0x00000000d5efd920,0x00000000d5f00000)
  to   space 5120K, 0% used [0x00000000d6000000,0x00000000d6000000,0x00000000d6500000)
 ParOldGen       total 860160K, used 538626K [0x0000000080000000, 0x00000000b4800000, 0x00000000d5580000)
  object space 860160K, 62% used [0x0000000080000000,0x00000000a0e00aa8,0x00000000b4800000)
 Metaspace       used 82506K, committed 84096K, reserved 1179648K
  class space    used 8541K, committed 9280K, reserved 1048576K
}
Event: 639.108 GC heap before
{Heap before GC invocations=1208 (full 4):
 PSYoungGen      total 7680K, used 7670K [0x00000000d5580000, 0x00000000d6500000, 0x0000000100000000)
  eden space 5632K, 100% used [0x00000000d5580000,0x00000000d5b00000,0x00000000d5b00000)
  from space 2048K, 99% used [0x00000000d5d00000,0x00000000d5efd920,0x00000000d5f00000)
  to   space 5120K, 0% used [0x00000000d6000000,0x00000000d6000000,0x00000000d6500000)
 ParOldGen       total 860160K, used 538626K [0x0000000080000000, 0x00000000b4800000, 0x00000000d5580000)
  object space 860160K, 62% used [0x0000000080000000,0x00000000a0e00aa8,0x00000000b4800000)
 Metaspace       used 82506K, committed 84096K, reserved 1179648K
  class space    used 8541K, committed 9280K, reserved 1048576K
}
Event: 639.114 GC heap after
{Heap after GC invocations=1208 (full 4):
 PSYoungGen      total 7680K, used 1705K [0x00000000d5580000, 0x00000000d6200000, 0x0000000100000000)
  eden space 5632K, 0% used [0x00000000d5580000,0x00000000d5580000,0x00000000d5b00000)
  from space 2048K, 83% used [0x00000000d6000000,0x00000000d61aa640,0x00000000d6200000)
  to   space 3072K, 0% used [0x00000000d5c00000,0x00000000d5c00000,0x00000000d5f00000)
 ParOldGen       total 860160K, used 540752K [0x0000000080000000, 0x00000000b4800000, 0x00000000d5580000)
  object space 860160K, 62% used [0x0000000080000000,0x00000000a10143c8,0x00000000b4800000)
 Metaspace       used 82506K, committed 84096K, reserved 1179648K
  class space    used 8541K, committed 9280K, reserved 1048576K
}
Event: 639.125 GC heap before
{Heap before GC invocations=1209 (full 4):
 PSYoungGen      total 7680K, used 7130K [0x00000000d5580000, 0x00000000d6200000, 0x0000000100000000)
  eden space 5632K, 96% used [0x00000000d5580000,0x00000000d5acc4f8,0x00000000d5b00000)
  from space 2048K, 83% used [0x00000000d6000000,0x00000000d61aa640,0x00000000d6200000)
  to   space 3072K, 0% used [0x00000000d5c00000,0x00000000d5c00000,0x00000000d5f00000)
 ParOldGen       total 860160K, used 540752K [0x0000000080000000, 0x00000000b4800000, 0x00000000d5580000)
  object space 860160K, 62% used [0x0000000080000000,0x00000000a10143c8,0x00000000b4800000)
 Metaspace       used 82506K, committed 84096K, reserved 1179648K
  class space    used 8541K, committed 9280K, reserved 1048576K
}
Event: 639.133 GC heap after
{Heap after GC invocations=1209 (full 4):
 PSYoungGen      total 8704K, used 3072K [0x00000000d5580000, 0x00000000d6a00000, 0x0000000100000000)
  eden space 5632K, 0% used [0x00000000d5580000,0x00000000d5580000,0x00000000d5b00000)
  from space 3072K, 100% used [0x00000000d5c00000,0x00000000d5f00000,0x00000000d5f00000)
  to   space 7680K, 0% used [0x00000000d6280000,0x00000000d6280000,0x00000000d6a00000)
 ParOldGen       total 860160K, used 544455K [0x0000000080000000, 0x00000000b4800000, 0x00000000d5580000)
  object space 860160K, 63% used [0x0000000080000000,0x00000000a13b1d38,0x00000000b4800000)
 Metaspace       used 82506K, committed 84096K, reserved 1179648K
  class space    used 8541K, committed 9280K, reserved 1048576K
}
Event: 639.240 GC heap before
{Heap before GC invocations=1210 (full 4):
 PSYoungGen      total 8704K, used 8693K [0x00000000d5580000, 0x00000000d6a00000, 0x0000000100000000)
  eden space 5632K, 99% used [0x00000000d5580000,0x00000000d5afd790,0x00000000d5b00000)
  from space 3072K, 100% used [0x00000000d5c00000,0x00000000d5f00000,0x00000000d5f00000)
  to   space 7680K, 0% used [0x00000000d6280000,0x00000000d6280000,0x00000000d6a00000)
 ParOldGen       total 860160K, used 544455K [0x0000000080000000, 0x00000000b4800000, 0x00000000d5580000)
  object space 860160K, 63% used [0x0000000080000000,0x00000000a13b1d38,0x00000000b4800000)
 Metaspace       used 82518K, committed 84160K, reserved 1179648K
  class space    used 8541K, committed 9280K, reserved 1048576K
}
Event: 639.249 GC heap after
{Heap after GC invocations=1210 (full 4):
 PSYoungGen      total 11264K, used 5222K [0x00000000d5580000, 0x00000000d6800000, 0x0000000100000000)
  eden space 5632K, 0% used [0x00000000d5580000,0x00000000d5580000,0x00000000d5b00000)
  from space 5632K, 92% used [0x00000000d6280000,0x00000000d6799930,0x00000000d6800000)
  to   space 6144K, 0% used [0x00000000d5c00000,0x00000000d5c00000,0x00000000d6200000)
 ParOldGen       total 860160K, used 547135K [0x0000000080000000, 0x00000000b4800000, 0x00000000d5580000)
  object space 860160K, 63% used [0x0000000080000000,0x00000000a164fd38,0x00000000b4800000)
 Metaspace       used 82518K, committed 84160K, reserved 1179648K
  class space    used 8541K, committed 9280K, reserved 1048576K
}
Event: 645.831 GC heap before
{Heap before GC invocations=1211 (full 4):
 PSYoungGen      total 11264K, used 10854K [0x00000000d5580000, 0x00000000d6800000, 0x0000000100000000)
  eden space 5632K, 100% used [0x00000000d5580000,0x00000000d5b00000,0x00000000d5b00000)
  from space 5632K, 92% used [0x00000000d6280000,0x00000000d6799930,0x00000000d6800000)
  to   space 6144K, 0% used [0x00000000d5c00000,0x00000000d5c00000,0x00000000d6200000)
 ParOldGen       total 860160K, used 547135K [0x0000000080000000, 0x00000000b4800000, 0x00000000d5580000)
  object space 860160K, 63% used [0x0000000080000000,0x00000000a164fd38,0x00000000b4800000)
 Metaspace       used 82635K, committed 84352K, reserved 1179648K
  class space    used 8560K, committed 9344K, reserved 1048576K
}
Event: 645.840 GC heap after
{Heap after GC invocations=1211 (full 4):
 PSYoungGen      total 6656K, used 1024K [0x00000000d5580000, 0x00000000d6300000, 0x0000000100000000)
  eden space 5632K, 0% used [0x00000000d5580000,0x00000000d5580000,0x00000000d5b00000)
  from space 1024K, 100% used [0x00000000d5c00000,0x00000000d5d00000,0x00000000d5d00000)
  to   space 3072K, 0% used [0x00000000d6000000,0x00000000d6000000,0x00000000d6300000)
 ParOldGen       total 860160K, used 552101K [0x0000000080000000, 0x00000000b4800000, 0x00000000d5580000)
  object space 860160K, 64% used [0x0000000080000000,0x00000000a1b29658,0x00000000b4800000)
 Metaspace       used 82635K, committed 84352K, reserved 1179648K
  class space    used 8560K, committed 9344K, reserved 1048576K
}

